<?xml version="1.0" encoding="UTF-8"?>
<testng-results ignored="0" total="1" passed="1" failed="0" skipped="0">
  <reporter-output>
  </reporter-output>
  <suite started-at="2024-02-05T17:47:15 IST" name="Default suite" finished-at="2024-02-05T17:47:45 IST" duration-ms="29986">
    <groups>
    </groups>
    <test started-at="2024-02-05T17:47:15 IST" name="Default test" finished-at="2024-02-05T17:47:45 IST" duration-ms="29986">
      <class name="Day2.E2E_Appium">
        <test-method is-config="true" signature="beforeMethod()[pri:0, instance:Day2.E2E_Appium@909217e]" started-at="2024-02-05T17:47:15 IST" name="beforeMethod" finished-at="2024-02-05T17:47:41 IST" duration-ms="26060" status="PASS">
          <reporter-output>
          </reporter-output>
        </test-method> <!-- beforeMethod -->
        <test-method signature="Test(java.lang.String)[pri:0, instance:Day2.E2E_Appium@909217e]" started-at="2024-02-05T17:47:41 IST" name="Test" data-provider="Test" finished-at="2024-02-05T17:47:45 IST" duration-ms="3862" status="PASS">
          <params>
            <param index="0">
              <value>
                <![CDATA[Rushikesh]]>
              </value>
            </param>
          </params>
          <reporter-output>
          </reporter-output>
        </test-method> <!-- Test -->
        <test-method is-config="true" signature="afterMethod()[pri:0, instance:Day2.E2E_Appium@909217e]" started-at="2024-02-05T17:47:45 IST" name="afterMethod" finished-at="2024-02-05T17:47:45 IST" duration-ms="1" status="PASS">
          <reporter-output>
          </reporter-output>
        </test-method> <!-- afterMethod -->
      </class> <!-- Day2.E2E_Appium -->
    </test> <!-- Default test -->
  </suite> <!-- Default suite -->
</testng-results>
